[2015-11-30 17:10:44] START
[2015-12-01 19:58:46] EDIT Helpy/controllers/default.py: 3
[2015-12-01 20:01:28] EDIT Helpy/controllers/default.py: 0
[2015-12-01 20:02:01] EDIT Helpy/controllers/default.py: 0
[2015-12-01 20:02:02] EDIT Helpy/controllers/default.py: 0
[2015-12-01 20:02:38] EDIT Helpy/controllers/default.py: 0
[2015-12-01 20:03:04] EDIT Helpy/controllers/default.py: 0
[2015-12-01 20:04:10] EDIT Helpy/controllers/default.py: 0
[2015-12-01 20:04:40] CREATE hello.html: 0
[2015-12-01 20:05:26] EDIT Helpy/views/hello.html: 1
[2015-12-01 20:09:03] CREATE default/hello.html: 0
[2015-12-01 20:10:34] EDIT Helpy/views/default/hello.html: 0
[2015-12-01 20:10:48] EDIT Helpy/views/default/hello.html: 0
[2015-12-02 16:57:13] EDIT Helpy/models/db.py: -28
[2015-12-02 17:11:51] EDIT Helpy/models/db.py: 3
[2015-12-02 17:13:17] CREATE secretaria.py: 0
[2015-12-02 17:13:39] EDIT Helpy/models/db.py: 0
[2015-12-02 17:15:46] EDIT Helpy/controllers/secretaria.py: 3
[2015-12-02 17:20:06] EDIT Helpy/controllers/secretaria.py: 0
[2015-12-02 17:39:50] EDIT Helpy/models/db.py: 3
[2015-12-02 17:40:03] EDIT Helpy/models/db.py: 0
[2015-12-02 17:40:07] EDIT Helpy/models/db.py: 0
[2015-12-02 17:46:35] EDIT Helpy/models/db.py: 13
[2015-12-02 17:48:51] DELETE Helpy/controllers/secretaria.py: -4
[2015-12-02 17:49:13] DELETE Helpy/views/default/hello.html: -3
[2015-12-02 17:49:28] EDIT Helpy/controllers/default.py: -3
[2015-12-02 17:52:46] EDIT Helpy/models/db.py: -5
[2015-12-02 17:53:25] CREATE situacao.py: 0
[2015-12-02 17:56:44] EDIT Helpy/controllers/situacao.py: 3
[2015-12-02 17:57:00] EDIT Helpy/controllers/situacao.py: 0
[2015-12-02 18:00:10] EDIT Helpy/controllers/situacao.py: 0
[2015-12-02 18:00:23] EDIT Helpy/controllers/situacao.py: 0
[2015-12-02 18:00:28] EDIT Helpy/controllers/situacao.py: 0
[2015-12-02 18:00:32] EDIT Helpy/controllers/situacao.py: 0
[2015-12-02 18:05:21] EDIT Helpy/controllers/situacao.py: 3
[2015-12-02 18:07:36] EDIT Helpy/controllers/situacao.py: 0
[2015-12-02 18:43:47] EDIT Helpy/controllers/situacao.py: 7
[2015-12-02 18:44:21] EDIT Helpy/controllers/situacao.py: 0
[2015-12-02 19:20:02] EDIT Helpy/models/db.py: 0
[2015-12-02 19:21:33] EDIT Helpy/models/db.py: 0
[2015-12-02 19:22:53] EDIT Helpy/models/db.py: 0
[2015-12-02 19:27:25] EDIT Helpy/models/db.py: 0
[2015-12-02 19:28:17] EDIT Helpy/models/db.py: 0
[2015-12-02 19:31:06] EDIT Helpy/models/db.py: 0
[2015-12-02 19:56:37] EDIT Helpy/models/db.py: 0
[2015-12-02 20:03:32] EDIT Helpy/controllers/situacao.py: 1
[2015-12-02 20:04:58] EDIT Helpy/controllers/situacao.py: 0
[2015-12-02 20:06:22] EDIT Helpy/models/db.py: 0
[2015-12-02 20:07:18] EDIT Helpy/models/db.py: 0
[2015-12-02 20:12:02] EDIT Helpy/controllers/situacao.py: 0
[2015-12-02 20:12:15] EDIT Helpy/controllers/situacao.py: 0
[2015-12-02 20:25:15] EDIT Helpy/controllers/situacao.py: 1
[2015-12-02 20:25:58] EDIT Helpy/controllers/situacao.py: 0
[2015-12-02 20:27:35] EDIT Helpy/controllers/situacao.py: -1
[2015-12-02 20:37:52] EDIT Helpy/controllers/situacao.py: -1
[2015-12-02 20:38:56] EDIT Helpy/controllers/situacao.py: 10
[2015-12-02 20:40:11] EDIT Helpy/controllers/situacao.py: 1
[2015-12-02 20:41:00] EDIT Helpy/controllers/situacao.py: 0
[2015-12-02 20:42:04] EDIT Helpy/controllers/situacao.py: 0
[2015-12-02 20:51:57] EDIT Helpy/controllers/situacao.py: 0
[2015-12-02 20:52:43] EDIT Helpy/controllers/situacao.py: 0
[2015-12-02 20:54:01] EDIT Helpy/controllers/situacao.py: -4
[2015-12-02 20:56:40] EDIT Helpy/controllers/situacao.py: 0
[2015-12-02 20:57:07] EDIT Helpy/controllers/situacao.py: 0
[2015-12-02 20:58:49] EDIT Helpy/controllers/situacao.py: 2
[2015-12-02 21:00:11] EDIT Helpy/controllers/situacao.py: 0
[2015-12-02 21:00:44] EDIT Helpy/controllers/situacao.py: 0
[2015-12-03 13:38:36] EDIT Helpy/controllers/situacao.py: 0
[2015-12-03 13:38:42] EDIT Helpy/controllers/situacao.py: 1
[2015-12-03 13:40:01] EDIT Helpy/models/db.py: 0
[2015-12-03 13:41:00] EDIT Helpy/controllers/situacao.py: -2
[2015-12-03 13:48:06] EDIT Helpy/models/db.py: -3
[2015-12-03 13:48:15] EDIT Helpy/models/db.py: 0
[2015-12-03 13:48:23] EDIT Helpy/models/db.py: 0
[2015-12-03 14:32:48] EDIT Helpy/controllers/situacao.py: 0
[2015-12-03 14:33:20] EDIT Helpy/controllers/situacao.py: 0
[2015-12-03 14:35:13] EDIT Helpy/controllers/situacao.py: 0
[2015-12-03 14:50:19] EDIT Helpy/models/db.py: 0
[2015-12-03 14:50:38] EDIT Helpy/models/db.py: 0
[2015-12-03 14:50:47] EDIT Helpy/models/db.py: 0
[2015-12-03 14:53:37] EDIT Helpy/models/db.py: 0
[2015-12-03 14:54:33] EDIT Helpy/models/db.py: 0
[2015-12-03 14:54:47] EDIT Helpy/models/db.py: 0
[2015-12-03 14:55:02] EDIT Helpy/models/db.py: 0
[2015-12-03 14:55:04] EDIT Helpy/models/db.py: 0
[2015-12-03 14:55:30] EDIT Helpy/models/db.py: 0
[2015-12-03 14:55:37] EDIT Helpy/models/db.py: 0
[2015-12-03 14:56:06] EDIT Helpy/models/db.py: 0
[2015-12-03 14:56:38] EDIT Helpy/models/db.py: 0
[2015-12-03 14:56:51] EDIT Helpy/models/db.py: 0
[2015-12-03 14:57:35] EDIT Helpy/models/db.py: 0
[2015-12-03 14:59:35] EDIT Helpy/models/db.py: 0
[2015-12-03 14:59:40] EDIT Helpy/models/db.py: 0
[2015-12-03 15:00:58] EDIT Helpy/models/db.py: 0
[2015-12-03 15:01:56] EDIT Helpy/models/db.py: 0
[2015-12-03 15:07:36] EDIT Helpy/controllers/situacao.py: 0
[2015-12-03 15:15:50] EDIT Helpy/controllers/situacao.py: 7
[2015-12-03 15:16:32] EDIT Helpy/controllers/situacao.py: -7
[2015-12-03 15:17:22] EDIT Helpy/controllers/situacao.py: 7
[2015-12-03 15:17:45] EDIT Helpy/controllers/situacao.py: -7
[2015-12-03 20:33:19] EDIT Helpy/models/db.py: 0
[2015-12-03 20:34:24] EDIT Helpy/models/db.py: 2
[2015-12-03 20:34:58] EDIT Helpy/models/db.py: 2
[2015-12-03 20:35:24] EDIT Helpy/models/db.py: 2
[2015-12-03 20:37:31] EDIT Helpy/models/db.py: 0
[2015-12-03 20:37:59] EDIT Helpy/models/db.py: 0
[2015-12-03 20:40:08] EDIT Helpy/models/db.py: 0
[2015-12-03 20:40:19] EDIT Helpy/models/db.py: 0
[2015-12-03 20:41:48] EDIT Helpy/models/db.py: 0
[2015-12-03 20:49:54] EDIT Helpy/controllers/situacao.py: 0
[2015-12-03 20:50:44] EDIT Helpy/controllers/situacao.py: 0
[2015-12-03 20:51:12] EDIT Helpy/controllers/situacao.py: 0
[2015-12-03 20:51:17] EDIT Helpy/controllers/situacao.py: 0
[2015-12-03 21:06:48] EDIT Helpy/models/db.py: 0
[2015-12-03 21:07:05] CREATE sistema.py: 0
[2015-12-03 21:07:29] EDIT Helpy/controllers/sistema.py: 1
[2015-12-03 21:13:32] EDIT Helpy/controllers/sistema.py: 2
[2015-12-03 21:15:05] EDIT Helpy/controllers/sistema.py: 8
[2015-12-03 21:17:24] EDIT Helpy/controllers/sistema.py: 0
[2015-12-03 21:19:06] EDIT Helpy/controllers/sistema.py: 1
[2015-12-03 21:19:20] EDIT Helpy/controllers/sistema.py: 0
[2015-12-03 21:35:16] EDIT Helpy/controllers/sistema.py: 8
[2015-12-03 21:35:51] EDIT Helpy/controllers/sistema.py: 1
[2015-12-03 21:41:03] EDIT Helpy/controllers/sistema.py: 0
[2015-12-03 21:41:17] EDIT Helpy/controllers/sistema.py: 0
[2015-12-03 21:46:09] EDIT Helpy/models/db.py: 0
[2015-12-03 21:51:33] EDIT Helpy/models/db.py: 8
[2015-12-03 21:53:47] EDIT Helpy/models/db.py: 0
[2015-12-03 21:54:11] EDIT Helpy/models/db.py: 0
[2015-12-03 21:54:13] EDIT Helpy/models/db.py: 0
[2015-12-03 21:54:16] EDIT Helpy/models/db.py: 0
[2015-12-03 21:54:23] EDIT Helpy/models/db.py: 0
[2015-12-03 21:54:34] EDIT Helpy/models/db.py: 0
[2015-12-03 21:54:59] EDIT Helpy/models/db.py: 0
[2015-12-03 21:56:17] EDIT Helpy/models/db.py: 0
[2015-12-03 21:56:47] EDIT Helpy/models/db.py: 0
[2015-12-03 21:59:04] EDIT Helpy/models/db.py: 0
[2015-12-03 22:05:22] EDIT Helpy/models/db.py: 0
[2015-12-03 22:05:36] EDIT Helpy/models/db.py: 0
[2015-12-03 22:05:57] EDIT Helpy/models/db.py: 0
[2015-12-03 22:06:31] EDIT Helpy/models/db.py: 0
[2015-12-04 12:38:17] EDIT Helpy/models/db.py: 0
[2015-12-04 12:38:51] EDIT Helpy/models/db.py: 0
[2015-12-04 12:39:29] EDIT Helpy/models/db.py: 0
[2015-12-04 13:42:03] EDIT Helpy/models/db.py: 0
[2015-12-04 13:44:50] EDIT Helpy/models/db.py: 2
[2015-12-04 13:54:21] EDIT Helpy/models/db.py: 0
[2015-12-04 13:57:18] EDIT Helpy/models/db.py: 1
[2015-12-04 13:57:33] EDIT Helpy/models/db.py: 0
[2015-12-04 13:59:15] EDIT Helpy/models/db.py: 0
[2015-12-04 14:00:17] EDIT Helpy/models/db.py: -1
[2015-12-04 14:18:37] EDIT Helpy/models/db.py: 1
[2015-12-04 14:36:03] EDIT Helpy/models/db.py: 4
[2015-12-04 14:36:39] EDIT Helpy/models/db.py: 0
[2015-12-04 14:36:46] EDIT Helpy/models/db.py: 0
[2015-12-04 14:36:59] EDIT Helpy/models/db.py: 0
[2015-12-04 14:37:10] EDIT Helpy/models/db.py: 0
[2015-12-04 14:37:13] EDIT Helpy/models/db.py: 0
[2015-12-04 14:37:14] EDIT Helpy/models/db.py: 0
[2015-12-04 14:37:47] EDIT Helpy/models/db.py: 0
[2015-12-04 14:45:05] EDIT Helpy/models/db.py: 0
[2015-12-04 14:45:23] EDIT Helpy/models/db.py: 0
[2015-12-04 14:45:58] EDIT Helpy/models/db.py: 0
[2015-12-04 14:46:29] EDIT Helpy/models/db.py: 0
[2015-12-04 14:47:26] EDIT Helpy/models/db.py: 0
[2015-12-04 14:56:15] EDIT Helpy/models/db.py: 2
[2015-12-04 15:00:16] EDIT Helpy/models/db.py: 1
[2015-12-04 15:00:37] EDIT Helpy/models/db.py: 0
[2015-12-04 15:03:26] EDIT Helpy/models/db.py: 5
[2015-12-04 15:03:35] EDIT Helpy/models/db.py: 0
[2015-12-04 15:03:38] EDIT Helpy/models/db.py: 0
[2015-12-04 15:07:32] EDIT Helpy/models/db.py: 1
[2015-12-04 15:08:37] EDIT Helpy/models/db.py: 0
[2015-12-04 15:12:47] EDIT Helpy/models/db.py: 0
[2015-12-04 15:13:06] EDIT Helpy/models/db.py: 0
[2015-12-04 15:14:19] EDIT Helpy/models/db.py: 0
[2015-12-04 15:16:08] EDIT Helpy/models/db.py: 0
[2015-12-04 15:16:27] EDIT Helpy/models/db.py: 0
[2015-12-04 15:16:52] EDIT Helpy/models/db.py: -1
[2015-12-04 15:17:05] EDIT Helpy/models/db.py: 0
[2015-12-04 15:18:49] EDIT Helpy/models/db.py: 0
[2015-12-04 15:20:29] EDIT Helpy/models/db.py: 9
[2015-12-04 15:33:33] EDIT Helpy/models/db.py: 0
[2015-12-04 15:35:50] EDIT Helpy/models/db.py: 3
[2015-12-04 15:36:19] EDIT Helpy/models/db.py: 0
[2015-12-04 15:37:42] EDIT Helpy/models/db.py: 0
[2015-12-04 15:38:56] EDIT Helpy/models/db.py: 0
[2015-12-04 15:39:24] EDIT Helpy/models/db.py: 0
[2015-12-04 15:39:56] EDIT Helpy/models/db.py: 0
[2015-12-04 15:42:07] EDIT Helpy/models/db.py: 13
[2015-12-04 15:45:52] EDIT Helpy/models/db.py: 2
[2015-12-04 15:46:01] EDIT Helpy/models/db.py: 0
[2015-12-04 15:48:30] EDIT Helpy/models/db.py: 0
[2015-12-04 16:34:36] EDIT Helpy/models/db.py: 3
[2015-12-04 16:35:46] EDIT Helpy/models/db.py: 0
[2015-12-04 16:39:17] EDIT Helpy/models/db.py: 8
[2015-12-04 16:42:04] EDIT Helpy/models/db.py: 4
[2015-12-04 16:42:11] EDIT Helpy/models/db.py: 0
[2015-12-04 16:42:18] EDIT Helpy/models/db.py: 0
[2015-12-04 16:42:51] EDIT Helpy/models/db.py: 0
[2015-12-04 16:52:09] EDIT Helpy/models/db.py: 0
[2015-12-04 16:54:48] EDIT Helpy/models/db.py: 0
[2015-12-04 16:57:44] EDIT Helpy/models/db.py: 0
[2015-12-04 16:58:05] EDIT Helpy/models/db.py: 0
[2015-12-04 16:58:34] EDIT Helpy/models/db.py: 0
[2015-12-04 16:59:19] EDIT Helpy/models/db.py: 0
[2015-12-04 16:59:40] EDIT Helpy/models/db.py: 0
[2015-12-04 16:59:45] EDIT Helpy/models/db.py: 0
[2015-12-04 16:59:59] EDIT Helpy/models/db.py: 0
[2015-12-04 17:00:19] EDIT Helpy/models/db.py: 0
[2015-12-04 17:04:19] EDIT Helpy/models/db.py: 0
[2015-12-04 17:04:36] EDIT Helpy/models/db.py: 0
[2015-12-04 17:06:23] EDIT Helpy/models/db.py: 0
[2015-12-04 17:24:03] EDIT Helpy/models/db.py: 0
[2015-12-04 17:38:18] EDIT Helpy/models/db.py: 0
[2015-12-04 17:38:33] EDIT Helpy/models/db.py: 0
[2015-12-04 17:40:02] EDIT Helpy/models/db.py: 0
[2015-12-04 17:50:00] EDIT Helpy/models/db.py: 0
[2015-12-04 17:51:08] EDIT Helpy/models/db.py: 0
[2015-12-04 17:51:31] EDIT Helpy/models/db.py: 0
[2015-12-04 17:51:58] EDIT Helpy/models/db.py: 0
[2015-12-04 17:52:12] EDIT Helpy/models/db.py: 0
[2015-12-04 17:52:19] EDIT Helpy/models/db.py: 0
[2015-12-04 17:52:27] EDIT Helpy/models/db.py: 0
[2015-12-04 17:53:06] EDIT Helpy/models/db.py: 0
[2015-12-04 17:54:22] EDIT Helpy/models/db.py: 0
[2015-12-04 17:54:26] EDIT Helpy/models/db.py: 0
[2015-12-04 17:54:40] EDIT Helpy/models/db.py: 0
[2015-12-04 17:55:37] EDIT Helpy/models/db.py: 0
[2015-12-04 17:56:01] EDIT Helpy/models/db.py: 0
[2015-12-04 17:56:20] EDIT Helpy/models/db.py: 0
[2015-12-04 17:56:31] EDIT Helpy/models/db.py: 0
[2015-12-04 17:56:38] EDIT Helpy/models/db.py: 0
[2015-12-04 17:57:06] EDIT Helpy/models/db.py: 0
[2015-12-04 18:44:27] EDIT Helpy/models/db.py: 0
[2015-12-04 18:45:25] EDIT Helpy/models/db.py: 0
[2015-12-04 18:45:51] EDIT Helpy/models/db.py: 0
[2015-12-04 18:46:20] EDIT Helpy/models/db.py: 0
[2015-12-04 18:46:46] EDIT Helpy/models/db.py: 0
[2015-12-04 18:46:58] EDIT Helpy/models/db.py: 0
[2015-12-04 18:47:42] EDIT Helpy/models/db.py: 0
[2015-12-04 18:48:01] EDIT Helpy/models/db.py: 0
[2015-12-04 18:59:09] EDIT Helpy/models/db.py: 0
[2015-12-04 19:01:13] EDIT Helpy/models/db.py: 0
[2015-12-04 19:02:33] EDIT Helpy/models/db.py: 0
[2015-12-04 19:04:38] EDIT Helpy/models/db.py: 0
[2015-12-04 19:04:54] EDIT Helpy/models/db.py: 0
[2015-12-04 19:05:45] EDIT Helpy/models/db.py: 0
[2015-12-04 19:13:06] EDIT Helpy/models/db.py: 0
[2015-12-04 19:13:16] EDIT Helpy/models/db.py: 0
[2015-12-04 19:13:16] EDIT Helpy/models/db.py: 0
[2015-12-04 19:13:16] EDIT Helpy/models/db.py: 0
[2015-12-04 19:13:16] EDIT Helpy/models/db.py: 0
[2015-12-04 19:14:11] EDIT Helpy/models/db.py: 0
[2015-12-04 19:15:08] EDIT Helpy/models/db.py: 0
[2015-12-04 19:15:11] EDIT Helpy/models/db.py: 0
[2015-12-04 19:17:57] CREATE categoria.py: 0
[2015-12-04 19:18:19] CREATE prioridade.py: 0
[2015-12-04 19:18:30] CREATE tipo_avaliacao.py: 0
[2015-12-04 19:18:40] CREATE tipo_contato.py: 0
[2015-12-04 19:18:56] CREATE tipo_chamado.py: 0
[2015-12-04 19:19:11] CREATE cliente.py: 0
[2015-12-04 19:19:20] CREATE setor.py: 0
[2015-12-04 19:20:34] EDIT Helpy/models/db.py: 0
[2015-12-04 19:20:56] CREATE chamado.py: 0
[2015-12-04 19:23:31] EDIT Helpy/models/db.py: 0
[2015-12-04 19:24:24] EDIT Helpy/models/db.py: 0
[2015-12-04 19:25:12] EDIT Helpy/models/db.py: 0
[2015-12-04 19:27:51] EDIT Helpy/controllers/default.py: 0
[2015-12-04 19:28:01] EDIT Helpy/controllers/default.py: 0
[2015-12-04 19:28:12] EDIT Helpy/controllers/default.py: -1
[2015-12-04 19:32:06] EDIT Helpy/controllers/default.py: 1
[2015-12-04 19:33:12] EDIT Helpy/controllers/situacao.py: 1
[2015-12-04 19:34:15] EDIT Helpy/controllers/situacao.py: -1
[2015-12-04 19:45:52] EDIT Helpy/controllers/default.py: 1
[2015-12-04 20:19:59] EDIT Helpy/models/db.py: 0
[2015-12-04 20:20:10] EDIT Helpy/models/db.py: 0
[2015-12-04 20:20:22] EDIT Helpy/models/db.py: 0
[2015-12-04 20:20:37] EDIT Helpy/models/db.py: 0
[2015-12-04 20:20:55] EDIT Helpy/models/db.py: 0
[2015-12-04 20:23:08] EDIT Helpy/controllers/categoria.py: 1
[2015-12-04 20:24:34] EDIT Helpy/controllers/categoria.py: 5
[2015-12-04 20:24:56] EDIT Helpy/controllers/categoria.py: 0
[2015-12-04 20:26:50] EDIT Helpy/controllers/categoria.py: 2
[2015-12-04 20:27:13] EDIT Helpy/controllers/categoria.py: 0
[2015-12-04 20:29:09] EDIT Helpy/controllers/categoria.py: 6
[2015-12-04 20:29:22] EDIT Helpy/controllers/categoria.py: 0
[2015-12-04 20:30:03] EDIT Helpy/controllers/categoria.py: 7
[2015-12-04 20:32:41] EDIT Helpy/models/db.py: 0
[2015-12-04 20:33:02] EDIT Helpy/models/db.py: 0
[2015-12-04 20:33:14] EDIT Helpy/models/db.py: 0
[2015-12-04 20:34:08] EDIT Helpy/models/db.py: 0
[2015-12-04 20:46:06] EDIT Helpy/controllers/situacao.py: 2
[2015-12-04 21:00:42] EDIT Helpy/controllers/categoria.py: 8
[2015-12-04 21:01:16] EDIT Helpy/controllers/categoria.py: 0
[2015-12-04 21:02:36] EDIT Helpy/controllers/categoria.py: 0
[2015-12-04 21:04:05] EDIT Helpy/controllers/categoria.py: 0
[2015-12-04 21:04:51] EDIT Helpy/controllers/categoria.py: 0
[2015-12-04 21:05:57] EDIT Helpy/controllers/categoria.py: 0
[2015-12-04 21:06:02] EDIT Helpy/controllers/categoria.py: 0
[2015-12-04 21:06:54] EDIT Helpy/controllers/categoria.py: -1
[2015-12-04 21:08:40] EDIT Helpy/controllers/categoria.py: 0
[2015-12-04 21:09:10] EDIT Helpy/controllers/situacao.py: 5
[2015-12-04 21:09:42] EDIT Helpy/controllers/situacao.py: 0
[2015-12-04 21:11:57] EDIT Helpy/controllers/prioridade.py: 28
[2015-12-04 21:15:42] EDIT Helpy/models/db.py: 0
[2015-12-04 21:17:24] EDIT Helpy/controllers/tipo_avaliacao.py: 28
[2015-12-04 21:24:24] EDIT Helpy/models/db.py: 0
[2015-12-04 21:24:57] EDIT Helpy/controllers/tipo_contato.py: 28
[2015-12-04 21:24:59] EDIT Helpy/controllers/tipo_chamado.py: 28
[2015-12-04 21:25:53] EDIT Helpy/controllers/tipo_chamado.py: 0
[2015-12-04 21:26:43] EDIT Helpy/controllers/tipo_contato.py: 0
[2015-12-04 21:27:21] EDIT Helpy/controllers/tipo_chamado.py: 0
[2015-12-04 21:31:28] EDIT Helpy/controllers/tipo_chamado.py: 0
[2015-12-07 14:22:13] EDIT Helpy/controllers/sistema.py: 7
[2015-12-07 15:01:00] EDIT Helpy/models/db.py: 0
[2015-12-07 15:10:54] EDIT Helpy/models/db.py: 0
[2015-12-07 15:12:27] EDIT Helpy/models/db.py: 0
[2015-12-07 15:24:10] EDIT Helpy/models/db.py: 0
[2015-12-07 17:08:19] EDIT Helpy/controllers/sistema.py: 0
[2015-12-07 17:08:54] EDIT Helpy/controllers/sistema.py: 0
[2015-12-07 17:09:16] EDIT Helpy/controllers/sistema.py: 0
[2015-12-07 17:09:27] EDIT Helpy/controllers/sistema.py: 0
[2015-12-07 17:09:30] EDIT Helpy/controllers/sistema.py: 0
[2015-12-07 17:10:01] EDIT Helpy/controllers/sistema.py: 0
[2015-12-07 17:10:36] EDIT Helpy/controllers/sistema.py: 0
[2015-12-07 17:10:49] EDIT Helpy/controllers/sistema.py: 0
[2015-12-07 17:10:57] EDIT Helpy/controllers/sistema.py: 0
[2015-12-07 17:17:19] EDIT Helpy/controllers/sistema.py: 0
[2015-12-07 17:17:33] EDIT Helpy/models/db.py: 0
[2015-12-07 17:17:56] EDIT Helpy/controllers/cliente.py: 0
[2015-12-07 17:29:25] EDIT Helpy/controllers/cliente.py: 28
[2015-12-07 17:30:14] EDIT Helpy/controllers/setor.py: 1
[2015-12-07 17:30:16] EDIT Helpy/controllers/setor.py: 0
[2015-12-07 17:30:18] EDIT Helpy/controllers/sistema.py: 0
[2015-12-07 17:30:19] EDIT Helpy/controllers/cliente.py: 0
[2015-12-07 17:38:21] EDIT Helpy/controllers/cliente.py: 0
[2015-12-07 17:38:24] EDIT Helpy/controllers/setor.py: 27
[2015-12-07 17:38:26] EDIT Helpy/controllers/sistema.py: 0
[2015-12-07 17:38:29] EDIT Helpy/models/db.py: 0
[2015-12-07 17:59:26] EDIT Helpy/models/db.py: 0
[2015-12-07 18:09:00] EDIT Helpy/models/db.py: 0
[2015-12-07 18:09:54] EDIT Helpy/models/db.py: 0
[2015-12-07 18:10:16] EDIT Helpy/models/db.py: 0
[2015-12-07 18:15:25] EDIT Helpy/models/db.py: 0
[2015-12-07 18:17:44] EDIT Helpy/controllers/sistema.py: 2
[2015-12-07 18:18:34] EDIT Helpy/controllers/sistema.py: -2
[2015-12-07 18:20:00] EDIT Helpy/controllers/cliente.py: 9
[2015-12-07 18:20:42] EDIT Helpy/controllers/cliente.py: 1
[2015-12-07 18:21:06] EDIT Helpy/controllers/cliente.py: 0
[2015-12-07 18:22:20] EDIT Helpy/controllers/cliente.py: 0
[2015-12-07 18:24:35] EDIT Helpy/models/db.py: 0
[2015-12-07 18:24:59] EDIT Helpy/models/db.py: 0
[2015-12-07 18:30:42] EDIT Helpy/controllers/cliente.py: 1
[2015-12-07 18:32:35] EDIT Helpy/controllers/cliente.py: 0
[2015-12-07 18:33:10] EDIT Helpy/controllers/cliente.py: 0
[2015-12-07 18:37:30] EDIT Helpy/controllers/cliente.py: 1
[2015-12-07 18:38:03] EDIT Helpy/controllers/cliente.py: 0
[2015-12-07 18:38:44] EDIT Helpy/controllers/cliente.py: 0
[2015-12-07 18:39:35] EDIT Helpy/controllers/cliente.py: 0
[2015-12-07 18:40:59] EDIT Helpy/controllers/cliente.py: 0
[2015-12-07 18:41:51] EDIT Helpy/controllers/cliente.py: 0
[2015-12-07 18:42:07] EDIT Helpy/controllers/cliente.py: 0
[2015-12-07 18:42:19] EDIT Helpy/controllers/cliente.py: 0
[2015-12-07 18:44:14] EDIT Helpy/controllers/cliente.py: 0
[2015-12-07 18:58:13] EDIT Helpy/controllers/cliente.py: 0
[2015-12-07 18:58:27] EDIT Helpy/controllers/cliente.py: 0
[2015-12-07 19:01:22] EDIT Helpy/controllers/cliente.py: 0
[2015-12-07 19:01:45] EDIT Helpy/controllers/cliente.py: 0
[2015-12-07 19:02:04] EDIT Helpy/controllers/cliente.py: 0
[2015-12-07 19:03:02] EDIT Helpy/controllers/cliente.py: 0
[2015-12-07 19:03:38] EDIT Helpy/controllers/cliente.py: 0
[2015-12-07 19:04:31] EDIT Helpy/controllers/cliente.py: 1
[2015-12-07 19:31:12] EDIT Helpy/controllers/cliente.py: 0
[2015-12-07 19:32:50] EDIT Helpy/controllers/cliente.py: -1
[2015-12-07 19:32:55] EDIT Helpy/controllers/cliente.py: 0
[2015-12-07 19:33:10] EDIT Helpy/controllers/cliente.py: 0
[2015-12-07 19:33:16] EDIT Helpy/controllers/cliente.py: 0
[2015-12-07 19:34:15] EDIT Helpy/controllers/cliente.py: 0
[2015-12-07 19:34:30] EDIT Helpy/controllers/cliente.py: 0
[2015-12-07 19:34:41] EDIT Helpy/controllers/cliente.py: 0
[2015-12-07 19:35:02] EDIT Helpy/controllers/cliente.py: -1
[2015-12-07 19:36:03] EDIT Helpy/controllers/cliente.py: 1
[2015-12-07 19:36:18] EDIT Helpy/controllers/cliente.py: 0
[2015-12-07 19:36:22] EDIT Helpy/controllers/cliente.py: 0
[2015-12-07 19:37:06] EDIT Helpy/controllers/cliente.py: 0
[2015-12-07 19:37:24] EDIT Helpy/controllers/cliente.py: 0
[2015-12-07 19:37:44] EDIT Helpy/controllers/cliente.py: 0
[2015-12-07 19:39:05] EDIT Helpy/controllers/cliente.py: 1
[2015-12-07 19:39:25] EDIT Helpy/controllers/cliente.py: -1
[2015-12-07 19:39:47] EDIT Helpy/controllers/cliente.py: 0
[2015-12-07 19:40:00] EDIT Helpy/controllers/cliente.py: 0
[2015-12-07 19:40:39] EDIT Helpy/controllers/cliente.py: 0
[2015-12-07 19:41:04] EDIT Helpy/controllers/cliente.py: 0
[2015-12-07 19:41:22] EDIT Helpy/controllers/cliente.py: 0
[2015-12-07 19:41:26] EDIT Helpy/controllers/cliente.py: -1
[2015-12-07 19:42:50] EDIT Helpy/controllers/cliente.py: 0
[2015-12-07 19:43:08] EDIT Helpy/controllers/cliente.py: 0
[2015-12-07 19:44:25] EDIT Helpy/controllers/cliente.py: 0
[2015-12-07 19:46:00] EDIT Helpy/controllers/cliente.py: 0
[2015-12-07 19:51:22] EDIT Helpy/controllers/cliente.py: 0
[2015-12-07 19:51:32] EDIT Helpy/controllers/cliente.py: 0
[2015-12-07 19:53:40] EDIT Helpy/controllers/cliente.py: 0
[2015-12-07 19:53:51] EDIT Helpy/controllers/cliente.py: 0
[2015-12-07 19:54:07] EDIT Helpy/controllers/cliente.py: 0
[2015-12-07 19:54:33] EDIT Helpy/controllers/cliente.py: 1
[2015-12-07 19:54:48] EDIT Helpy/controllers/cliente.py: -1
[2015-12-07 19:55:03] EDIT Helpy/controllers/cliente.py: -1
[2015-12-07 19:55:24] EDIT Helpy/controllers/cliente.py: 0
[2015-12-07 19:56:03] EDIT Helpy/controllers/cliente.py: 0
[2015-12-07 19:56:36] EDIT Helpy/controllers/cliente.py: 0
[2015-12-07 19:56:49] EDIT Helpy/controllers/cliente.py: 0
[2015-12-07 19:58:53] EDIT Helpy/controllers/cliente.py: 1
[2015-12-09 14:01:49] EDIT Helpy/controllers/cliente.py: 0
[2015-12-09 14:02:24] EDIT Helpy/controllers/cliente.py: 0
[2015-12-09 14:02:52] EDIT Helpy/controllers/cliente.py: 0
[2015-12-09 14:18:46] EDIT Helpy/controllers/cliente.py: 0
[2015-12-09 14:20:04] EDIT Helpy/controllers/cliente.py: 1
[2015-12-09 14:20:21] EDIT Helpy/controllers/cliente.py: 0
[2015-12-09 14:20:35] EDIT Helpy/controllers/cliente.py: -1
[2015-12-09 14:26:07] EDIT Helpy/controllers/cliente.py: 0
[2015-12-09 14:26:36] EDIT Helpy/controllers/cliente.py: 0
[2015-12-09 14:27:00] EDIT Helpy/controllers/cliente.py: 0
[2015-12-09 14:27:28] EDIT Helpy/controllers/cliente.py: 0
[2015-12-09 14:29:51] EDIT Helpy/controllers/cliente.py: 0
[2015-12-09 14:33:35] EDIT Helpy/controllers/cliente.py: 0
[2015-12-09 14:35:09] EDIT Helpy/controllers/cliente.py: 0
[2015-12-09 14:37:39] EDIT Helpy/controllers/cliente.py: 1
[2015-12-09 14:37:41] EDIT Helpy/controllers/cliente.py: 0
[2015-12-09 14:37:41] EDIT Helpy/controllers/cliente.py: 0
[2015-12-09 14:37:41] EDIT Helpy/controllers/cliente.py: 0
[2015-12-09 14:37:53] EDIT Helpy/controllers/cliente.py: 0
[2015-12-09 14:38:15] EDIT Helpy/controllers/cliente.py: 0
[2015-12-09 14:40:53] EDIT Helpy/controllers/cliente.py: 0
[2015-12-09 14:41:04] EDIT Helpy/controllers/cliente.py: 0
[2015-12-09 14:41:20] EDIT Helpy/controllers/cliente.py: 0
[2015-12-09 14:42:14] EDIT Helpy/controllers/cliente.py: 0
[2015-12-09 14:43:07] EDIT Helpy/controllers/cliente.py: 0
[2015-12-09 14:43:36] EDIT Helpy/controllers/cliente.py: 0
[2015-12-09 14:44:34] EDIT Helpy/controllers/cliente.py: 0
[2015-12-09 14:45:06] EDIT Helpy/controllers/cliente.py: 0
[2015-12-09 14:45:39] EDIT Helpy/controllers/cliente.py: 0
[2015-12-09 14:45:51] EDIT Helpy/controllers/cliente.py: 0
[2015-12-09 14:46:40] EDIT Helpy/controllers/cliente.py: 0
[2015-12-09 14:47:14] EDIT Helpy/controllers/cliente.py: 0
[2015-12-09 14:47:35] EDIT Helpy/controllers/cliente.py: 0
[2015-12-09 14:48:28] EDIT Helpy/controllers/cliente.py: 0
[2015-12-09 14:48:44] EDIT Helpy/controllers/cliente.py: 0
[2015-12-09 14:48:58] EDIT Helpy/controllers/cliente.py: 0
[2015-12-09 14:49:04] EDIT Helpy/controllers/cliente.py: 0
[2015-12-09 14:49:37] EDIT Helpy/controllers/cliente.py: 0
[2015-12-09 14:50:04] EDIT Helpy/controllers/cliente.py: 0
[2015-12-09 14:57:05] EDIT Helpy/controllers/cliente.py: 0
[2015-12-09 14:57:43] EDIT Helpy/controllers/cliente.py: 0
[2015-12-09 14:58:20] EDIT Helpy/controllers/cliente.py: 0
[2015-12-09 14:58:37] EDIT Helpy/controllers/cliente.py: 0
[2015-12-09 14:59:05] EDIT Helpy/controllers/cliente.py: 0
[2015-12-09 14:59:28] EDIT Helpy/controllers/cliente.py: 0
[2015-12-09 14:59:45] EDIT Helpy/controllers/cliente.py: 0
[2015-12-09 15:00:00] EDIT Helpy/controllers/cliente.py: 0
[2015-12-09 15:00:12] EDIT Helpy/controllers/cliente.py: 0
[2015-12-09 15:00:26] EDIT Helpy/controllers/cliente.py: 0
[2015-12-09 15:05:58] EDIT Helpy/controllers/cliente.py: 0
[2015-12-09 15:06:14] EDIT Helpy/controllers/cliente.py: 0
[2015-12-09 15:06:43] EDIT Helpy/controllers/cliente.py: 0
[2015-12-09 15:06:58] EDIT Helpy/controllers/cliente.py: 0
[2015-12-09 15:07:28] EDIT Helpy/controllers/cliente.py: 0
[2015-12-09 15:07:49] EDIT Helpy/controllers/cliente.py: -1
[2015-12-09 15:08:00] EDIT Helpy/controllers/cliente.py: 0
[2015-12-09 15:08:18] EDIT Helpy/controllers/cliente.py: 0
[2015-12-09 15:10:03] EDIT Helpy/controllers/cliente.py: 0
[2015-12-09 15:10:59] EDIT Helpy/controllers/cliente.py: 0
[2015-12-09 15:11:41] EDIT Helpy/controllers/cliente.py: 0
[2015-12-09 15:12:28] EDIT Helpy/controllers/cliente.py: 0
[2015-12-09 15:13:04] EDIT Helpy/controllers/cliente.py: 0
[2015-12-09 15:13:10] EDIT Helpy/controllers/cliente.py: 0
[2015-12-09 15:13:15] EDIT Helpy/controllers/cliente.py: 0
[2015-12-09 15:21:48] EDIT Helpy/controllers/cliente.py: 4
[2015-12-09 15:21:59] EDIT Helpy/controllers/cliente.py: 0
[2015-12-09 15:22:15] EDIT Helpy/controllers/cliente.py: 0
[2015-12-09 15:22:36] EDIT Helpy/controllers/cliente.py: 0
[2015-12-09 15:22:45] EDIT Helpy/controllers/cliente.py: 0
[2015-12-09 15:24:10] EDIT Helpy/controllers/cliente.py: 0
[2015-12-09 15:24:16] EDIT Helpy/controllers/cliente.py: 0
[2015-12-09 15:24:47] EDIT Helpy/controllers/cliente.py: 0
[2015-12-09 15:25:02] EDIT Helpy/controllers/cliente.py: 0
[2015-12-09 15:25:12] EDIT Helpy/controllers/cliente.py: 0
[2015-12-09 15:25:20] EDIT Helpy/controllers/cliente.py: 0
[2015-12-09 15:25:49] EDIT Helpy/controllers/cliente.py: 0
[2015-12-09 15:27:00] EDIT Helpy/controllers/cliente.py: 0
[2015-12-09 15:27:23] EDIT Helpy/controllers/cliente.py: 0
[2015-12-09 15:27:34] EDIT Helpy/controllers/cliente.py: 1
[2015-12-09 15:28:00] EDIT Helpy/controllers/cliente.py: 0
[2015-12-09 15:35:45] EDIT Helpy/controllers/cliente.py: -1
[2015-12-09 15:37:51] EDIT Helpy/models/db.py: 0
[2015-12-09 15:38:14] EDIT Helpy/models/db.py: 0
[2015-12-09 15:39:03] EDIT Helpy/models/db.py: 0
[2015-12-09 15:42:42] EDIT Helpy/controllers/cliente.py: -4
[2015-12-09 15:48:46] EDIT Helpy/models/db.py: 0
[2015-12-09 15:49:01] EDIT Helpy/models/db.py: 0
[2015-12-09 15:49:11] EDIT Helpy/models/db.py: 0
[2015-12-09 15:49:35] EDIT Helpy/controllers/cliente.py: 1
[2015-12-09 15:49:48] EDIT Helpy/controllers/cliente.py: -1
[2015-12-09 16:37:57] EDIT Helpy/models/db.py: 0
[2015-12-09 16:38:25] EDIT Helpy/models/db.py: 0
[2015-12-09 16:40:03] EDIT Helpy/models/db.py: 0
[2015-12-09 16:44:58] EDIT Helpy/controllers/cliente.py: 0
[2015-12-09 16:45:25] EDIT Helpy/controllers/cliente.py: 1
[2015-12-09 16:45:35] EDIT Helpy/controllers/cliente.py: -1
[2015-12-09 16:55:50] EDIT Helpy/controllers/cliente.py: 0
[2015-12-09 17:12:02] EDIT Helpy/controllers/cliente.py: 0
[2015-12-09 17:12:07] EDIT Helpy/controllers/cliente.py: 0
[2015-12-09 19:39:37] EDIT Helpy/controllers/cliente.py: 1
[2015-12-09 19:42:17] EDIT Helpy/controllers/cliente.py: 0
[2015-12-09 19:42:31] EDIT Helpy/controllers/cliente.py: 0
[2015-12-09 19:43:05] EDIT Helpy/controllers/cliente.py: 1
[2015-12-09 19:44:03] EDIT Helpy/controllers/cliente.py: 0
[2015-12-09 19:44:55] EDIT Helpy/controllers/cliente.py: 0
[2015-12-09 19:51:08] EDIT Helpy/controllers/cliente.py: 0
[2015-12-09 19:53:09] EDIT Helpy/controllers/cliente.py: 0
[2015-12-09 19:53:11] EDIT Helpy/controllers/cliente.py: 0
[2015-12-09 19:53:22] EDIT Helpy/controllers/cliente.py: 0
[2015-12-09 20:44:40] EDIT Helpy/controllers/cliente.py: 0
[2015-12-09 20:44:44] EDIT Helpy/controllers/cliente.py: 0
[2015-12-09 20:44:54] EDIT Helpy/controllers/cliente.py: -2
[2015-12-09 20:45:15] EDIT Helpy/controllers/cliente.py: 0
[2015-12-09 21:04:52] EDIT Helpy/models/db.py: 0
[2015-12-09 21:05:41] EDIT Helpy/models/db.py: 0
[2015-12-09 21:08:08] EDIT Helpy/models/db.py: 0
[2015-12-09 21:08:09] EDIT Helpy/models/db.py: 0
[2015-12-09 21:13:39] EDIT Helpy/models/db.py: 0
[2015-12-09 21:13:57] EDIT Helpy/models/db.py: 0
[2015-12-09 21:14:22] EDIT Helpy/models/db.py: 0
[2015-12-09 21:16:56] EDIT Helpy/controllers/cliente.py: 1
[2015-12-09 21:17:29] EDIT Helpy/controllers/cliente.py: 0
[2015-12-09 21:17:45] EDIT Helpy/controllers/cliente.py: 0
[2015-12-09 21:17:56] EDIT Helpy/controllers/cliente.py: 0
[2015-12-09 21:18:25] EDIT Helpy/controllers/cliente.py: -1
[2015-12-09 21:18:31] EDIT Helpy/controllers/cliente.py: 1
[2015-12-09 21:18:58] EDIT Helpy/controllers/cliente.py: 0
[2015-12-09 21:19:20] EDIT Helpy/controllers/cliente.py: 0
[2015-12-09 21:20:04] EDIT Helpy/controllers/cliente.py: 0
[2015-12-09 21:20:19] EDIT Helpy/controllers/cliente.py: 0
[2015-12-09 21:20:32] EDIT Helpy/controllers/cliente.py: 0
[2015-12-09 21:20:59] EDIT Helpy/controllers/cliente.py: 0
[2015-12-09 21:21:08] EDIT Helpy/controllers/cliente.py: 0
[2015-12-09 21:21:50] EDIT Helpy/controllers/cliente.py: 1
[2015-12-09 21:22:17] EDIT Helpy/controllers/cliente.py: -1
[2015-12-09 21:22:29] EDIT Helpy/controllers/cliente.py: 0
[2015-12-09 21:22:55] EDIT Helpy/controllers/cliente.py: 0
[2015-12-09 21:22:56] EDIT Helpy/controllers/cliente.py: 0
[2015-12-09 21:23:18] EDIT Helpy/controllers/cliente.py: -1
[2015-12-09 21:23:46] EDIT Helpy/controllers/cliente.py: 0
[2015-12-09 21:26:42] EDIT Helpy/controllers/cliente.py: 0
[2015-12-09 21:27:05] EDIT Helpy/controllers/cliente.py: 0
[2015-12-09 21:27:21] EDIT Helpy/controllers/cliente.py: 0
[2015-12-09 21:27:34] EDIT Helpy/controllers/cliente.py: 0
[2015-12-09 21:27:56] EDIT Helpy/controllers/cliente.py: 0
[2015-12-09 21:29:05] EDIT Helpy/controllers/cliente.py: 0
[2015-12-09 21:38:16] EDIT Helpy/models/db.py: 0
[2015-12-09 21:38:59] EDIT Helpy/models/db.py: 0
[2015-12-09 21:39:49] EDIT Helpy/models/db.py: 0
[2015-12-09 21:39:58] EDIT Helpy/models/db.py: 0
[2015-12-09 21:40:00] EDIT Helpy/models/db.py: 0
[2015-12-09 21:40:39] EDIT Helpy/models/db.py: 0
[2015-12-09 21:40:54] EDIT Helpy/models/db.py: 0
[2015-12-09 21:41:04] EDIT Helpy/models/db.py: 0
[2015-12-09 21:41:15] EDIT Helpy/models/db.py: 0
[2015-12-09 21:44:19] EDIT Helpy/models/db.py: 0
[2015-12-09 22:02:29] EDIT Helpy/models/db.py: 0
[2015-12-09 22:02:48] EDIT Helpy/models/db.py: 0
[2015-12-23 18:37:52] EDIT Helpy/controllers/cliente.py: 1
[2015-12-23 18:38:52] EDIT Helpy/controllers/cliente.py: 0
[2015-12-23 18:39:05] EDIT Helpy/controllers/cliente.py: 0
[2015-12-23 18:39:33] EDIT Helpy/controllers/cliente.py: 0
[2015-12-23 18:39:50] EDIT Helpy/controllers/cliente.py: 0
[2015-12-23 18:40:01] EDIT Helpy/controllers/cliente.py: 0
[2015-12-23 18:40:25] EDIT Helpy/controllers/cliente.py: 0
[2015-12-23 18:40:35] EDIT Helpy/controllers/cliente.py: 0
[2015-12-23 18:40:42] EDIT Helpy/controllers/cliente.py: 0
[2015-12-23 18:40:52] EDIT Helpy/controllers/cliente.py: 0
[2015-12-23 18:41:01] EDIT Helpy/controllers/cliente.py: 0
[2015-12-23 18:41:12] EDIT Helpy/controllers/cliente.py: 0
[2015-12-23 18:41:23] EDIT Helpy/controllers/cliente.py: 0
[2015-12-23 18:41:32] EDIT Helpy/controllers/cliente.py: 0
[2015-12-23 18:41:43] EDIT Helpy/controllers/cliente.py: 0
[2015-12-23 18:41:55] EDIT Helpy/controllers/cliente.py: 0
[2015-12-23 18:42:25] EDIT Helpy/controllers/cliente.py: 0
[2015-12-23 18:42:41] EDIT Helpy/controllers/cliente.py: 0
[2015-12-23 19:55:33] EDIT Helpy/controllers/cliente.py: -1
[2015-12-23 20:29:35] EDIT Helpy/models/db.py: 0
[2015-12-23 20:29:43] EDIT Helpy/models/db.py: 0
[2015-12-23 20:30:01] EDIT Helpy/models/db.py: 0
[2015-12-23 20:30:16] EDIT Helpy/models/db.py: 0
[2015-12-23 20:31:06] EDIT Helpy/models/db.py: 0
[2015-12-23 20:31:20] EDIT Helpy/models/db.py: 0
[2015-12-23 20:31:28] EDIT Helpy/models/db.py: 0
[2015-12-23 20:31:53] EDIT Helpy/models/db.py: 0
[2015-12-23 20:32:49] EDIT Helpy/models/db.py: 0
[2015-12-23 20:33:05] EDIT Helpy/models/db.py: 0
[2015-12-23 20:33:30] EDIT Helpy/models/db.py: 0
[2015-12-23 20:34:04] EDIT Helpy/models/db.py: 0
[2015-12-23 20:34:29] EDIT Helpy/models/db.py: 0
[2015-12-23 20:34:48] EDIT Helpy/models/db.py: 0
[2015-12-23 20:35:05] EDIT Helpy/models/db.py: 0
[2015-12-23 20:36:14] EDIT Helpy/models/db.py: 0
[2015-12-23 20:37:05] EDIT Helpy/models/db.py: 0
[2015-12-23 20:37:19] EDIT Helpy/models/db.py: 0
[2015-12-23 20:37:43] EDIT Helpy/models/db.py: 0
[2015-12-23 20:38:16] EDIT Helpy/models/db.py: 0
[2015-12-23 20:38:32] EDIT Helpy/models/db.py: 0
[2015-12-23 20:38:56] EDIT Helpy/models/db.py: 0
[2015-12-23 20:40:52] EDIT Helpy/models/db.py: 0
[2015-12-23 20:41:35] EDIT Helpy/models/db.py: 0
[2015-12-23 20:42:00] EDIT Helpy/models/db.py: 0
[2015-12-23 21:06:41] EDIT Helpy/models/db.py: 0
[2015-12-23 21:08:13] EDIT Helpy/models/db.py: 0
[2015-12-23 21:08:52] EDIT Helpy/models/db.py: 0
[2015-12-23 21:10:44] EDIT Helpy/controllers/cliente.py: 1
[2015-12-23 21:10:54] EDIT Helpy/controllers/cliente.py: 0
[2015-12-23 21:11:05] EDIT Helpy/controllers/cliente.py: 0
[2015-12-23 21:12:05] EDIT Helpy/controllers/cliente.py: 0
[2015-12-23 21:12:18] EDIT Helpy/controllers/cliente.py: 0
[2015-12-23 21:12:18] EDIT Helpy/controllers/cliente.py: 0
[2015-12-23 21:12:37] EDIT Helpy/controllers/cliente.py: 0
[2015-12-23 21:12:53] EDIT Helpy/controllers/cliente.py: 0
[2015-12-23 21:13:16] EDIT Helpy/controllers/cliente.py: 0
[2015-12-23 21:13:57] EDIT Helpy/controllers/cliente.py: 0
[2015-12-23 21:14:07] EDIT Helpy/controllers/cliente.py: 0
[2015-12-23 21:14:17] EDIT Helpy/controllers/cliente.py: 0
[2015-12-23 21:14:39] EDIT Helpy/controllers/cliente.py: 0
[2015-12-23 21:14:52] EDIT Helpy/controllers/cliente.py: 0
[2015-12-23 21:14:54] EDIT Helpy/controllers/cliente.py: 0
[2015-12-23 21:14:58] EDIT Helpy/controllers/cliente.py: 0
[2015-12-23 21:15:04] EDIT Helpy/controllers/cliente.py: 0
[2015-12-23 21:15:06] EDIT Helpy/controllers/cliente.py: 0
[2015-12-23 21:15:10] EDIT Helpy/controllers/cliente.py: 0
[2015-12-23 21:17:59] EDIT Helpy/controllers/cliente.py: 0
[2015-12-23 21:18:09] EDIT Helpy/controllers/cliente.py: 0
[2015-12-23 21:18:16] EDIT Helpy/controllers/cliente.py: 0
[2015-12-23 21:18:32] EDIT Helpy/controllers/cliente.py: 0
[2015-12-23 21:18:43] EDIT Helpy/controllers/cliente.py: 0
[2015-12-23 21:18:53] EDIT Helpy/controllers/cliente.py: 0
[2015-12-23 21:19:49] EDIT Helpy/controllers/cliente.py: 0
[2015-12-23 21:19:59] EDIT Helpy/controllers/cliente.py: 0
[2015-12-23 21:21:02] EDIT Helpy/controllers/cliente.py: 0
[2015-12-23 21:21:15] EDIT Helpy/controllers/cliente.py: 0
[2015-12-23 21:21:23] EDIT Helpy/controllers/cliente.py: 0
[2015-12-23 21:26:20] EDIT Helpy/controllers/cliente.py: 0
[2015-12-23 21:26:50] EDIT Helpy/controllers/cliente.py: 0
[2015-12-23 21:26:57] EDIT Helpy/controllers/cliente.py: 0
[2015-12-23 21:28:40] EDIT Helpy/controllers/cliente.py: 0
[2015-12-23 21:28:40] EDIT Helpy/controllers/cliente.py: 0
[2015-12-23 21:29:30] EDIT Helpy/controllers/cliente.py: 0
[2016-02-01 21:16:45] EDIT Helpy/controllers/cliente.py: 3
[2016-02-01 21:30:30] EDIT Helpy/controllers/cliente.py: 2
[2016-02-01 21:31:13] EDIT Helpy/controllers/cliente.py: 1
[2016-02-01 21:31:31] EDIT Helpy/controllers/cliente.py: 0
[2016-02-01 21:33:33] EDIT Helpy/controllers/cliente.py: 0
[2016-02-01 21:37:33] EDIT Helpy/controllers/cliente.py: 0
[2016-02-01 21:42:54] EDIT Helpy/controllers/cliente.py: 0
[2016-02-01 21:43:46] EDIT Helpy/controllers/cliente.py: 0
[2016-02-01 21:43:46] EDIT Helpy/controllers/cliente.py: 0
[2016-02-01 21:43:46] EDIT Helpy/controllers/cliente.py: 0
[2016-02-01 21:43:53] EDIT Helpy/controllers/cliente.py: 0
[2016-02-01 21:44:09] EDIT Helpy/controllers/cliente.py: 0
[2016-02-01 21:44:56] EDIT Helpy/controllers/cliente.py: -1
[2016-02-01 21:45:39] EDIT Helpy/controllers/cliente.py: 1
[2016-02-01 21:48:13] EDIT Helpy/controllers/cliente.py: 0
[2016-02-01 21:48:31] EDIT Helpy/controllers/cliente.py: -1
[2016-02-01 21:52:40] EDIT Helpy/controllers/cliente.py: 0
[2016-02-01 21:54:07] EDIT Helpy/controllers/cliente.py: 0
[2016-02-01 21:54:07] EDIT Helpy/controllers/cliente.py: 0
[2016-02-01 21:54:07] EDIT Helpy/controllers/cliente.py: 0
[2016-02-01 21:55:01] EDIT Helpy/controllers/cliente.py: 1
[2016-02-01 21:55:19] EDIT Helpy/controllers/cliente.py: -1
[2016-02-01 21:55:31] EDIT Helpy/controllers/cliente.py: 1
[2016-02-01 21:56:01] EDIT Helpy/controllers/cliente.py: 0
[2016-02-01 21:56:01] EDIT Helpy/controllers/cliente.py: 0
[2016-02-01 21:56:01] EDIT Helpy/controllers/cliente.py: 0
[2016-02-01 21:56:03] EDIT Helpy/controllers/cliente.py: 0
[2016-02-01 21:56:03] EDIT Helpy/controllers/cliente.py: 0
[2016-02-01 21:56:03] EDIT Helpy/controllers/cliente.py: 0
[2016-02-01 21:56:20] EDIT Helpy/controllers/cliente.py: -1
[2016-02-01 21:57:00] EDIT Helpy/controllers/cliente.py: 0
[2016-02-01 21:57:00] EDIT Helpy/controllers/cliente.py: 0
[2016-02-01 21:57:00] EDIT Helpy/controllers/cliente.py: 0
[2016-02-01 21:57:53] EDIT Helpy/controllers/cliente.py: 0
[2016-02-01 21:57:54] EDIT Helpy/controllers/cliente.py: 0
[2016-02-01 21:58:44] EDIT Helpy/controllers/cliente.py: 0
[2016-02-01 21:59:26] EDIT Helpy/controllers/cliente.py: 0
[2016-02-01 21:59:38] EDIT Helpy/controllers/cliente.py: 0
[2016-02-01 22:12:22] EDIT Helpy/controllers/cliente.py: 0
[2016-02-01 22:13:24] EDIT Helpy/controllers/cliente.py: 0
[2016-02-01 22:13:59] EDIT Helpy/controllers/cliente.py: 0
[2016-02-01 22:13:59] EDIT Helpy/controllers/cliente.py: 0
[2016-02-01 22:14:32] EDIT Helpy/controllers/cliente.py: 0
[2016-02-01 22:15:27] EDIT Helpy/controllers/cliente.py: 0
[2016-02-01 22:16:14] EDIT Helpy/controllers/cliente.py: 0
[2016-02-01 22:16:16] EDIT Helpy/controllers/cliente.py: 0
[2016-03-01 18:57:46] EDIT Helpy/controllers/default.py: 1
[2016-03-01 18:57:59] EDIT Helpy/controllers/default.py: 0
[2016-03-01 18:58:27] EDIT Helpy/controllers/default.py: 1
[2016-03-01 18:58:46] EDIT Helpy/controllers/default.py: 1
[2016-03-01 19:01:12] EDIT Helpy/controllers/default.py: 0
[2016-03-01 19:04:25] EDIT Helpy/controllers/default.py: 0
[2016-03-01 19:07:06] EDIT Helpy/controllers/default.py: 0
[2016-03-01 19:20:54] EDIT Helpy/controllers/default.py: 1
[2016-03-02 21:16:49] EDIT Helpy/controllers/cliente.py: 3
[2016-03-02 21:16:56] EDIT Helpy/controllers/cliente.py: 0
[2016-03-02 21:23:52] EDIT Helpy/controllers/cliente.py: 0
[2016-03-02 21:24:21] EDIT Helpy/controllers/cliente.py: 0
[2016-03-02 21:25:29] EDIT Helpy/controllers/cliente.py: -1
[2016-03-02 21:27:38] EDIT Helpy/controllers/cliente.py: 3
[2016-03-02 21:27:59] EDIT Helpy/controllers/cliente.py: 0
[2016-03-02 21:28:23] EDIT Helpy/controllers/cliente.py: 0
[2016-03-02 21:28:55] EDIT Helpy/controllers/cliente.py: 2
[2016-03-02 21:30:33] EDIT Helpy/controllers/cliente.py: -2
[2016-03-02 21:30:47] EDIT Helpy/controllers/cliente.py: 2
[2016-03-02 21:32:36] EDIT Helpy/controllers/cliente.py: 17
[2016-03-02 21:45:54] EDIT Helpy/controllers/cliente.py: 0
[2016-03-02 21:55:11] EDIT Helpy/controllers/cliente.py: 0
[2016-03-03 01:46:42] CREATE webservices.py: 0
[2016-03-03 01:48:09] EDIT Helpy/controllers/cliente.py: -24
[2016-03-03 01:48:15] EDIT Helpy/controllers/webservices.py: 25
[2016-03-03 02:06:58] EDIT Helpy/controllers/cliente.py: 0
[2016-03-03 02:07:30] EDIT Helpy/controllers/webservices.py: 0
[2016-03-03 02:08:07] EDIT Helpy/controllers/webservices.py: 0
[2016-03-03 02:08:24] EDIT Helpy/controllers/webservices.py: 0
[2016-03-03 02:13:36] EDIT Helpy/controllers/webservices.py: -3
[2016-03-03 02:16:26] EDIT Helpy/controllers/webservices.py: 0
[2016-03-03 02:20:57] EDIT Helpy/controllers/webservices.py: 1
[2016-03-03 02:22:15] EDIT Helpy/controllers/webservices.py: 0
[2016-03-03 02:22:30] EDIT Helpy/controllers/webservices.py: -1
[2016-03-03 02:25:58] EDIT Helpy/controllers/webservices.py: 0
[2016-03-03 02:26:54] EDIT Helpy/controllers/webservices.py: 0
[2016-03-03 02:31:26] EDIT Helpy/controllers/webservices.py: 1
[2016-03-03 02:40:42] EDIT Helpy/controllers/webservices.py: 0
[2016-03-03 02:53:40] EDIT Helpy/controllers/webservices.py: 0
[2016-03-03 03:00:24] EDIT Helpy/controllers/webservices.py: 0
[2016-03-03 03:10:18] EDIT Helpy/controllers/webservices.py: -1
[2016-03-03 03:12:55] EDIT Helpy/controllers/webservices.py: -2
[2016-03-03 03:16:59] EDIT Helpy/controllers/webservices.py: 0
[2016-03-03 03:17:27] EDIT Helpy/controllers/webservices.py: 0
[2016-03-03 03:17:53] EDIT Helpy/controllers/webservices.py: 0
[2016-03-03 03:18:25] EDIT Helpy/controllers/webservices.py: 0
[2016-03-03 03:19:02] EDIT Helpy/controllers/webservices.py: 0
[2016-03-03 03:20:09] EDIT Helpy/controllers/webservices.py: 0
[2016-03-03 03:23:10] EDIT Helpy/controllers/webservices.py: 0
[2016-03-03 03:23:54] EDIT Helpy/controllers/webservices.py: -14
[2016-03-03 03:25:12] EDIT Helpy/controllers/webservices.py: 0
[2016-03-03 03:26:44] EDIT Helpy/controllers/webservices.py: 0
[2016-03-03 03:27:17] EDIT Helpy/controllers/webservices.py: 0
[2016-03-03 03:30:37] EDIT Helpy/controllers/webservices.py: 0
[2016-03-03 03:38:25] EDIT Helpy/controllers/webservices.py: 13
[2016-03-03 03:38:31] EDIT Helpy/controllers/webservices.py: 0
[2016-03-03 03:39:09] EDIT Helpy/controllers/webservices.py: 0
[2016-03-03 03:39:51] EDIT Helpy/controllers/webservices.py: 0
[2016-03-03 03:41:42] EDIT Helpy/controllers/webservices.py: 0
[2016-03-03 03:48:10] EDIT Helpy/controllers/webservices.py: 0
[2016-03-03 11:29:05] EDIT Helpy/controllers/webservices.py: 0
[2016-03-03 11:29:24] EDIT Helpy/controllers/webservices.py: 0
[2016-03-03 11:29:37] EDIT Helpy/controllers/webservices.py: 0
[2016-03-03 11:30:10] EDIT Helpy/controllers/webservices.py: 0
[2016-03-03 11:30:32] EDIT Helpy/controllers/webservices.py: 0
[2016-03-03 11:41:33] EDIT Helpy/controllers/webservices.py: 0
[2016-03-03 14:12:14] EDIT Helpy/controllers/webservices.py: 14
[2016-03-03 14:16:21] EDIT Helpy/controllers/webservices.py: 0
[2016-03-03 14:16:58] EDIT Helpy/controllers/webservices.py: 0
[2016-03-03 15:05:25] EDIT Helpy/controllers/webservices.py: 0
[2016-03-03 15:28:29] EDIT Helpy/controllers/webservices.py: 0
[2016-03-03 15:28:48] EDIT Helpy/controllers/webservices.py: 0
[2016-03-03 16:04:03] EDIT Helpy/controllers/webservices.py: 0
[2016-05-17 13:59:14] EDIT Helpy/controllers/webservices.py: 11
[2016-05-17 14:28:04] EDIT Helpy/controllers/webservices.py: -7
[2016-05-17 14:28:48] EDIT Helpy/controllers/webservices.py: 0
[2016-05-17 14:29:27] EDIT Helpy/controllers/webservices.py: 0
[2016-05-17 14:29:45] EDIT Helpy/controllers/webservices.py: 7
[2016-05-17 14:29:45] EDIT Helpy/controllers/webservices.py: 0
[2016-05-17 14:30:16] EDIT Helpy/controllers/webservices.py: -2
[2016-05-17 14:30:29] EDIT Helpy/controllers/webservices.py: -2
[2016-05-17 14:30:39] EDIT Helpy/controllers/webservices.py: -2
[2016-05-17 14:31:07] EDIT Helpy/controllers/webservices.py: 0
[2016-05-17 14:31:48] EDIT Helpy/controllers/webservices.py: 0
[2016-05-17 14:31:53] EDIT Helpy/controllers/webservices.py: 0
[2016-05-17 14:32:20] EDIT Helpy/controllers/webservices.py: 0
[2016-05-17 14:32:37] EDIT Helpy/controllers/webservices.py: 0
[2016-05-17 14:32:52] EDIT Helpy/controllers/webservices.py: 0
[2016-05-17 14:33:17] EDIT Helpy/controllers/webservices.py: 0
[2016-05-17 14:33:22] EDIT Helpy/controllers/webservices.py: 0
[2016-05-17 14:33:28] EDIT Helpy/controllers/webservices.py: 0
[2016-05-17 14:33:30] EDIT Helpy/controllers/webservices.py: 0
[2016-05-17 14:35:25] EDIT Helpy/controllers/webservices.py: 3
[2016-05-17 14:37:44] EDIT Helpy/controllers/webservices.py: 0
[2016-05-17 14:37:57] EDIT Helpy/controllers/webservices.py: 0
[2016-05-17 14:39:10] EDIT Helpy/controllers/webservices.py: 0
[2016-05-17 14:39:23] EDIT Helpy/controllers/webservices.py: 0
[2016-05-17 14:40:59] EDIT Helpy/controllers/webservices.py: 3
[2016-05-17 14:42:38] EDIT Helpy/controllers/webservices.py: 0
[2016-05-17 14:42:49] EDIT Helpy/controllers/webservices.py: 0
[2016-05-17 14:43:07] EDIT Helpy/controllers/webservices.py: 0
[2016-05-17 14:44:12] EDIT Helpy/controllers/webservices.py: 11
[2016-05-17 14:50:26] EDIT Helpy/controllers/webservices.py: 0
[2016-05-17 14:50:42] EDIT Helpy/controllers/webservices.py: 0
[2016-05-17 14:50:49] EDIT Helpy/controllers/webservices.py: 0
[2016-05-17 14:51:07] EDIT Helpy/controllers/webservices.py: 0
[2016-05-17 14:51:22] EDIT Helpy/controllers/webservices.py: 0
[2016-05-17 14:51:42] EDIT Helpy/controllers/webservices.py: 0
[2016-05-17 14:54:01] EDIT Helpy/controllers/webservices.py: 2
[2016-05-17 14:54:35] EDIT Helpy/controllers/webservices.py: 0
[2016-05-17 14:57:13] EDIT Helpy/controllers/webservices.py: 26
[2016-05-17 14:57:48] EDIT Helpy/controllers/webservices.py: -2
[2016-05-17 14:57:55] EDIT Helpy/controllers/webservices.py: 0
[2016-05-17 14:58:42] EDIT Helpy/controllers/webservices.py: 2
[2016-05-17 14:58:52] EDIT Helpy/controllers/webservices.py: 0
[2016-05-17 15:00:04] EDIT Helpy/controllers/webservices.py: 0
[2016-05-17 15:01:28] EDIT Helpy/controllers/webservices.py: 0
[2016-05-17 15:03:42] EDIT Helpy/controllers/webservices.py: 0
[2016-05-17 15:04:52] EDIT Helpy/controllers/webservices.py: 0
[2016-05-17 15:05:38] EDIT Helpy/controllers/webservices.py: 0
[2016-05-17 15:06:01] EDIT Helpy/controllers/webservices.py: 0
[2016-05-17 15:08:48] EDIT Helpy/controllers/webservices.py: 0
[2016-05-17 15:09:03] EDIT Helpy/controllers/webservices.py: 0
[2016-05-17 15:09:14] EDIT Helpy/controllers/webservices.py: 0
[2016-05-17 15:09:54] EDIT Helpy/controllers/webservices.py: 0
[2016-05-17 15:10:55] EDIT Helpy/controllers/webservices.py: 0
[2016-05-17 15:12:02] EDIT Helpy/controllers/webservices.py: 2
[2016-05-17 15:15:55] EDIT Helpy/controllers/webservices.py: 0
[2016-05-17 15:17:30] EDIT Helpy/controllers/webservices.py: 0
[2016-05-17 15:18:13] EDIT Helpy/controllers/webservices.py: 0
[2016-05-17 15:18:45] EDIT Helpy/controllers/webservices.py: -2
[2016-05-17 15:19:52] EDIT Helpy/controllers/webservices.py: 0
[2016-05-17 15:20:08] EDIT Helpy/controllers/webservices.py: 0
[2016-05-17 17:21:10] EDIT Helpy/controllers/webservices.py: 1
[2016-05-17 17:21:44] EDIT Helpy/controllers/webservices.py: 0
[2016-05-17 17:26:05] EDIT Helpy/controllers/webservices.py: 0
[2016-05-17 17:26:21] EDIT Helpy/controllers/webservices.py: 0
[2016-05-17 17:27:04] EDIT Helpy/controllers/webservices.py: 0
[2016-05-19 16:34:01] EDIT Helpy/models/db.py: 0
[2016-05-19 17:59:27] EDIT Helpy/controllers/cliente.py: 3
[2016-05-19 18:00:24] EDIT Helpy/controllers/cliente.py: 0
[2016-05-19 18:00:53] EDIT Helpy/controllers/cliente.py: 0
[2016-05-19 18:01:13] EDIT Helpy/controllers/cliente.py: 0
[2016-05-19 18:02:19] EDIT Helpy/controllers/cliente.py: 0
[2016-05-19 18:02:59] EDIT Helpy/controllers/cliente.py: 1
[2016-05-19 18:04:09] EDIT Helpy/controllers/cliente.py: 0
[2016-05-19 18:04:10] EDIT Helpy/controllers/cliente.py: 0
[2016-05-19 18:04:10] EDIT Helpy/controllers/cliente.py: 0
[2016-05-19 18:04:11] EDIT Helpy/controllers/cliente.py: 0
[2016-05-19 18:04:12] EDIT Helpy/controllers/cliente.py: 0
[2016-05-19 18:04:12] EDIT Helpy/controllers/cliente.py: 0
[2016-05-19 18:04:55] EDIT Helpy/controllers/cliente.py: -1
[2016-05-19 18:05:44] EDIT Helpy/controllers/cliente.py: 0
[2016-05-19 18:06:13] EDIT Helpy/controllers/cliente.py: 0
[2016-05-19 18:06:47] EDIT Helpy/controllers/cliente.py: 0
[2016-05-19 18:14:23] EDIT Helpy/controllers/cliente.py: 0
[2016-05-19 18:26:16] EDIT Helpy/controllers/cliente.py: -1
[2016-05-19 18:27:05] EDIT Helpy/controllers/cliente.py: 0
[2016-05-19 18:27:50] EDIT Helpy/controllers/cliente.py: 0
[2016-05-19 18:29:35] EDIT Helpy/controllers/cliente.py: 3
[2016-05-19 18:30:37] EDIT Helpy/controllers/cliente.py: 0
[2016-05-19 18:31:53] EDIT Helpy/controllers/cliente.py: 0
[2016-05-19 18:33:09] EDIT Helpy/controllers/cliente.py: 0
[2016-05-19 18:34:26] EDIT Helpy/controllers/cliente.py: 0
[2016-05-19 18:38:59] EDIT Helpy/controllers/cliente.py: 1
[2016-05-19 18:39:33] EDIT Helpy/controllers/cliente.py: 0
[2016-05-19 18:39:37] EDIT Helpy/controllers/cliente.py: 0
[2016-05-19 18:40:08] EDIT Helpy/controllers/cliente.py: -2
[2016-05-19 18:40:15] EDIT Helpy/controllers/cliente.py: 0
[2016-05-19 18:41:40] EDIT Helpy/controllers/cliente.py: 0
[2016-05-19 18:42:13] EDIT Helpy/controllers/cliente.py: 0
[2016-05-19 18:43:22] EDIT Helpy/controllers/cliente.py: 0
[2016-05-19 18:44:11] EDIT Helpy/controllers/cliente.py: 0
[2016-05-19 18:44:27] EDIT Helpy/controllers/cliente.py: 0
[2016-05-19 18:49:53] EDIT Helpy/controllers/cliente.py: 0
[2016-05-19 18:49:58] EDIT Helpy/controllers/cliente.py: 0
[2016-05-19 18:50:39] EDIT Helpy/controllers/cliente.py: 0
[2016-05-19 18:50:53] EDIT Helpy/controllers/cliente.py: 0
[2016-05-19 18:51:18] EDIT Helpy/controllers/cliente.py: 0
[2016-05-19 18:55:32] EDIT Helpy/controllers/cliente.py: 0
[2016-05-19 18:55:37] EDIT Helpy/controllers/cliente.py: 0
[2016-05-19 18:55:42] EDIT Helpy/controllers/cliente.py: 0
[2016-05-19 18:56:08] EDIT Helpy/controllers/cliente.py: 0
[2016-05-19 18:56:27] EDIT Helpy/controllers/cliente.py: 0
[2016-05-19 18:57:04] EDIT Helpy/controllers/cliente.py: 0
[2016-05-19 18:57:48] EDIT Helpy/controllers/cliente.py: 0
[2016-05-19 18:58:45] EDIT Helpy/controllers/cliente.py: 0
[2016-05-19 18:59:29] EDIT Helpy/controllers/cliente.py: 0
[2016-05-19 19:00:09] EDIT Helpy/controllers/cliente.py: 0
[2016-05-19 19:01:36] EDIT Helpy/controllers/cliente.py: 0
[2016-05-19 19:01:58] EDIT Helpy/controllers/cliente.py: 0
[2016-05-19 19:02:10] EDIT Helpy/controllers/cliente.py: 0
[2016-05-19 19:02:46] EDIT Helpy/controllers/cliente.py: 0
[2016-05-19 19:08:06] EDIT Helpy/controllers/cliente.py: 1
[2016-05-19 19:08:40] EDIT Helpy/controllers/cliente.py: 0
[2016-05-19 19:09:50] EDIT Helpy/controllers/cliente.py: 0
[2016-05-19 19:10:02] EDIT Helpy/controllers/cliente.py: 0
[2016-05-19 19:10:15] EDIT Helpy/controllers/cliente.py: 0
[2016-05-19 19:10:33] EDIT Helpy/controllers/cliente.py: 0
[2016-05-19 19:10:47] EDIT Helpy/controllers/cliente.py: 0
[2016-05-19 19:10:59] EDIT Helpy/controllers/cliente.py: 0
[2016-05-19 19:11:25] EDIT Helpy/controllers/cliente.py: 0
[2016-05-19 19:11:41] EDIT Helpy/controllers/cliente.py: 0
[2016-05-19 19:11:56] EDIT Helpy/controllers/cliente.py: 0
[2016-05-19 19:12:12] EDIT Helpy/controllers/cliente.py: 0
[2016-05-19 19:12:33] EDIT Helpy/controllers/cliente.py: 0
[2016-05-19 19:12:56] EDIT Helpy/controllers/cliente.py: 0
[2016-05-19 19:13:17] EDIT Helpy/controllers/cliente.py: 0
[2016-05-19 19:13:45] EDIT Helpy/controllers/cliente.py: 0
[2016-05-19 19:13:56] EDIT Helpy/controllers/cliente.py: 0
[2016-05-19 19:14:11] EDIT Helpy/controllers/cliente.py: 0
[2016-05-19 19:14:45] EDIT Helpy/controllers/cliente.py: -1
[2016-05-19 19:15:44] EDIT Helpy/controllers/cliente.py: 1
[2016-05-19 19:15:57] EDIT Helpy/controllers/cliente.py: 0
[2016-05-19 19:16:08] EDIT Helpy/controllers/cliente.py: 0
[2016-05-19 19:16:40] EDIT Helpy/controllers/cliente.py: 0
[2016-05-19 19:16:52] EDIT Helpy/controllers/cliente.py: 0
[2016-05-19 19:17:12] EDIT Helpy/controllers/cliente.py: 0
[2016-05-19 19:17:27] EDIT Helpy/controllers/cliente.py: 0
[2016-05-19 19:17:38] EDIT Helpy/controllers/cliente.py: 0
[2016-05-19 19:17:54] EDIT Helpy/controllers/cliente.py: 0
[2016-05-19 19:18:06] EDIT Helpy/controllers/cliente.py: 0
[2016-05-19 19:18:18] EDIT Helpy/controllers/cliente.py: 0
[2016-05-19 19:18:42] EDIT Helpy/controllers/cliente.py: 0
[2016-05-19 19:18:51] EDIT Helpy/controllers/cliente.py: 0
[2016-05-19 19:19:17] EDIT Helpy/controllers/cliente.py: 0
[2016-05-19 19:21:23] EDIT Helpy/controllers/cliente.py: 0
[2016-05-19 19:21:55] EDIT Helpy/controllers/cliente.py: 0
[2016-05-19 19:22:11] EDIT Helpy/controllers/cliente.py: 0
[2016-05-19 19:22:40] EDIT Helpy/controllers/cliente.py: 0
[2016-05-19 19:23:04] EDIT Helpy/controllers/cliente.py: 0
[2016-05-19 19:23:19] EDIT Helpy/controllers/cliente.py: 0
[2016-05-19 19:23:38] EDIT Helpy/controllers/cliente.py: 0
[2016-05-19 19:23:49] EDIT Helpy/controllers/cliente.py: 0
[2016-05-19 19:24:00] EDIT Helpy/controllers/cliente.py: 0
[2016-05-19 19:24:18] EDIT Helpy/controllers/cliente.py: 0
[2016-05-19 19:24:38] EDIT Helpy/controllers/cliente.py: 0
[2016-05-19 19:25:40] EDIT Helpy/controllers/cliente.py: 0
[2016-05-19 19:25:46] EDIT Helpy/controllers/cliente.py: 0
[2016-05-19 19:26:08] EDIT Helpy/controllers/cliente.py: 0
[2016-05-19 19:26:45] EDIT Helpy/controllers/cliente.py: 0
[2016-05-19 19:27:31] EDIT Helpy/controllers/cliente.py: 0
[2016-05-19 19:27:57] EDIT Helpy/controllers/cliente.py: 0
[2016-05-19 19:28:24] EDIT Helpy/controllers/cliente.py: 0
[2016-05-19 19:28:54] EDIT Helpy/controllers/cliente.py: 0
[2016-05-19 19:29:52] EDIT Helpy/controllers/cliente.py: 1
[2016-05-19 19:30:11] EDIT Helpy/controllers/cliente.py: 0
[2016-05-19 19:30:18] EDIT Helpy/controllers/cliente.py: 0
[2016-05-19 19:30:50] EDIT Helpy/controllers/cliente.py: 0
[2016-05-19 19:30:53] EDIT Helpy/controllers/cliente.py: 0
[2016-05-19 19:31:20] EDIT Helpy/controllers/cliente.py: 0
[2016-05-19 19:32:54] EDIT Helpy/controllers/cliente.py: 1
[2016-05-19 19:32:59] EDIT Helpy/controllers/cliente.py: 1
[2016-05-19 19:33:03] EDIT Helpy/controllers/cliente.py: 0
[2016-05-19 19:33:10] EDIT Helpy/controllers/cliente.py: 0
[2016-05-19 19:33:12] EDIT Helpy/controllers/cliente.py: 0
[2016-05-19 19:33:14] EDIT Helpy/controllers/cliente.py: 0
[2016-05-19 19:33:14] EDIT Helpy/controllers/cliente.py: 0
[2016-05-19 19:33:17] EDIT Helpy/controllers/cliente.py: 0
[2016-05-19 19:33:24] EDIT Helpy/controllers/cliente.py: 0
[2016-05-19 19:33:34] EDIT Helpy/controllers/cliente.py: 0
[2016-05-19 19:33:44] EDIT Helpy/controllers/cliente.py: 0
[2016-05-19 19:34:16] EDIT Helpy/controllers/cliente.py: 0
[2016-05-19 19:34:45] EDIT Helpy/controllers/cliente.py: 0
[2016-05-19 19:34:58] EDIT Helpy/controllers/cliente.py: 0
[2016-05-19 19:35:17] EDIT Helpy/controllers/cliente.py: 0
[2016-05-19 19:35:58] EDIT Helpy/controllers/cliente.py: 0
[2016-05-19 19:36:16] EDIT Helpy/controllers/cliente.py: 0
[2016-05-19 19:45:47] EDIT Helpy/controllers/cliente.py: 0
[2016-05-19 19:46:48] EDIT Helpy/controllers/cliente.py: 0
[2016-05-19 19:47:06] EDIT Helpy/controllers/cliente.py: 0
[2016-05-19 19:47:54] EDIT Helpy/controllers/cliente.py: 0
[2016-05-19 19:48:15] EDIT Helpy/controllers/cliente.py: 0
[2016-05-19 19:48:36] EDIT Helpy/controllers/cliente.py: 0
[2016-05-19 19:52:28] EDIT Helpy/controllers/cliente.py: 0
[2016-05-19 19:52:54] EDIT Helpy/controllers/cliente.py: 0
[2016-05-19 19:53:15] EDIT Helpy/controllers/cliente.py: 0
[2016-05-19 19:54:59] EDIT Helpy/controllers/cliente.py: 0
[2016-05-19 19:55:11] EDIT Helpy/controllers/cliente.py: 0
[2016-05-19 19:55:27] EDIT Helpy/controllers/cliente.py: 0
[2016-05-19 19:55:34] EDIT Helpy/controllers/cliente.py: 0
[2016-05-19 19:56:08] EDIT Helpy/controllers/cliente.py: 0
[2016-05-19 19:56:19] EDIT Helpy/controllers/cliente.py: -1
[2016-05-19 19:57:20] EDIT Helpy/controllers/cliente.py: 0
[2016-05-19 19:58:45] EDIT Helpy/controllers/cliente.py: 0
[2016-05-19 19:59:18] EDIT Helpy/controllers/cliente.py: 0
[2016-05-19 19:59:39] EDIT Helpy/controllers/cliente.py: 0
[2016-05-19 20:04:18] EDIT Helpy/controllers/cliente.py: 0
[2016-05-19 20:05:07] EDIT Helpy/controllers/cliente.py: 0
[2016-05-19 20:05:24] EDIT Helpy/controllers/cliente.py: 0
[2016-05-19 20:05:24] EDIT Helpy/controllers/cliente.py: 0
[2016-05-19 20:05:33] EDIT Helpy/controllers/cliente.py: 0
[2016-05-19 20:05:43] EDIT Helpy/controllers/cliente.py: 0
[2016-05-19 20:10:31] EDIT Helpy/controllers/cliente.py: 0
[2016-05-19 20:25:11] EDIT Helpy/models/db.py: 0
[2016-05-19 20:39:05] EDIT Helpy/models/db.py: 0
[2016-05-19 21:10:31] CREATE usuario.py: 0
[2016-05-19 21:10:41] EDIT Helpy/controllers/usuario.py: 1
[2016-05-19 21:10:54] EDIT Helpy/controllers/usuario.py: 2
[2016-05-19 21:12:18] EDIT Helpy/controllers/usuario.py: 0
[2016-05-19 21:24:06] EDIT Helpy/models/db.py: 0
[2016-05-19 21:25:19] EDIT Helpy/controllers/default.py: -5
[2016-05-19 21:41:26] EDIT Helpy/controllers/default.py: 2
[2016-05-19 21:41:47] EDIT Helpy/controllers/default.py: 0
[2016-05-19 21:42:14] EDIT Helpy/controllers/default.py: 0
[2016-05-19 21:44:23] EDIT Helpy/controllers/default.py: 1
[2016-05-19 21:49:22] EDIT Helpy/controllers/default.py: 0
[2016-05-19 21:50:14] EDIT Helpy/models/db.py: 1
[2016-05-19 21:51:18] EDIT Helpy/models/db.py: -1
[2016-05-19 21:51:27] EDIT Helpy/controllers/default.py: 0
[2016-05-19 22:01:32] EDIT Helpy/controllers/default.py: 2
[2016-05-19 22:02:17] EDIT Helpy/controllers/default.py: -2
[2016-05-19 22:10:57] EDIT Helpy/controllers/cliente.py: 9
[2016-05-19 22:11:32] EDIT Helpy/controllers/cliente.py: 0
[2016-05-19 22:12:46] EDIT Helpy/controllers/cliente.py: 0
[2016-05-19 22:13:11] EDIT Helpy/controllers/cliente.py: 1
[2016-05-19 22:14:11] EDIT Helpy/controllers/cliente.py: 0
[2016-05-19 22:14:41] EDIT Helpy/controllers/cliente.py: 0
[2016-05-19 22:14:47] EDIT Helpy/controllers/cliente.py: 0
[2016-05-19 22:15:00] EDIT Helpy/controllers/cliente.py: 0
[2016-05-19 22:16:20] EDIT Helpy/controllers/cliente.py: 0
[2016-05-19 22:16:57] EDIT Helpy/controllers/cliente.py: 0
[2016-05-20 15:35:22] EDIT Helpy/models/db.py: 0
[2016-05-20 15:45:53] EDIT Helpy/models/db.py: 0
[2016-05-20 20:12:57] EDIT Helpy/controllers/cliente.py: 5
[2016-05-20 20:15:09] EDIT Helpy/controllers/cliente.py: 0
[2016-05-20 20:17:34] EDIT Helpy/controllers/cliente.py: 0
[2016-05-21 03:38:21] EDIT Helpy/controllers/cliente.py: 0
[2016-05-21 03:40:06] EDIT Helpy/controllers/cliente.py: 1
[2016-05-23 02:48:23] DELETE Helpy/controllers/usuario.py: -4
[2016-05-23 14:31:12] EDIT Helpy/models/db.py: 0
[2016-05-23 14:31:44] EDIT Helpy/models/db.py: 0
[2016-05-23 14:32:38] EDIT Helpy/models/db.py: 0
[2016-05-23 14:33:39] EDIT Helpy/models/db.py: 0
[2016-05-23 14:40:01] EDIT Helpy/models/db.py: 1
[2016-05-23 14:40:26] EDIT Helpy/models/db.py: 0
[2016-05-23 14:42:38] EDIT Helpy/models/db.py: 0
[2016-05-23 14:43:23] CREATE usuario.py: 0
[2016-05-23 14:43:33] EDIT Helpy/controllers/usuario.py: 1
[2016-05-23 14:44:47] EDIT Helpy/models/db.py: 0
[2016-05-23 15:19:27] EDIT Helpy/controllers/usuario.py: 2
[2016-05-23 15:19:33] EDIT Helpy/controllers/usuario.py: 0
[2016-05-23 15:21:31] EDIT Helpy/controllers/chamado.py: 1
[2016-05-23 15:21:34] EDIT Helpy/controllers/chamado.py: 0
[2016-05-23 19:39:45] EDIT Helpy/models/menu.py: 0
[2016-06-08 16:13:29] EDIT Helpy/controllers/usuario.py: 2
[2016-06-08 16:13:59] EDIT Helpy/controllers/tipo_contato.py: 5
[2016-06-08 16:14:39] EDIT Helpy/controllers/tipo_chamado.py: 5
[2016-06-08 16:15:13] EDIT Helpy/controllers/tipo_avaliacao.py: 5
[2016-06-08 16:15:48] EDIT Helpy/controllers/situacao.py: 5
[2016-06-08 16:16:44] EDIT Helpy/controllers/sistema.py: 5
[2016-06-08 16:17:14] EDIT Helpy/controllers/setor.py: 5
[2016-06-08 16:17:39] EDIT Helpy/controllers/prioridade.py: 5
[2016-06-08 16:19:33] EDIT Helpy/controllers/cliente.py: 6
[2016-06-08 16:19:59] EDIT Helpy/controllers/chamado.py: 1
[2016-06-08 16:20:21] EDIT Helpy/controllers/categoria.py: 5
[2016-06-08 17:27:13] EDIT Helpy/controllers/usuario.py: 1
[2016-06-08 17:27:20] EDIT Helpy/controllers/usuario.py: 0
[2016-06-08 17:28:47] EDIT Helpy/controllers/usuario.py: 0
[2016-06-08 17:30:01] EDIT Helpy/controllers/usuario.py: 0
[2016-06-08 17:36:18] EDIT Helpy/controllers/usuario.py: 0
[2016-06-08 17:49:29] EDIT Helpy/controllers/usuario.py: 13
[2016-06-08 17:49:36] EDIT Helpy/controllers/usuario.py: 0
[2016-06-08 17:50:09] EDIT Helpy/controllers/usuario.py: 0
[2016-06-08 17:50:14] EDIT Helpy/controllers/usuario.py: 0
[2016-06-08 17:51:47] EDIT Helpy/controllers/usuario.py: -1
[2016-06-08 19:04:19] EDIT Helpy/controllers/usuario.py: 1
[2016-06-08 19:05:38] EDIT Helpy/controllers/cliente.py: 0
[2016-06-08 19:17:01] EDIT Helpy/controllers/usuario.py: 1
[2016-06-08 19:17:07] EDIT Helpy/controllers/usuario.py: 0
[2016-06-08 19:17:08] EDIT Helpy/controllers/usuario.py: 0
[2016-06-08 19:21:09] EDIT Helpy/controllers/usuario.py: 12
[2016-06-08 19:21:53] EDIT Helpy/controllers/usuario.py: -1
[2016-06-08 19:28:04] EDIT Helpy/controllers/usuario.py: 14
[2016-06-08 19:30:29] EDIT Helpy/controllers/usuario.py: 0
[2016-06-08 19:32:57] EDIT Helpy/controllers/usuario.py: 5
[2016-06-08 19:33:27] EDIT Helpy/controllers/usuario.py: 0
[2016-06-08 19:34:22] EDIT Helpy/controllers/usuario.py: 0
[2016-06-08 19:44:29] EDIT Helpy/controllers/usuario.py: 1
[2016-06-08 19:45:02] EDIT Helpy/controllers/usuario.py: -1
[2016-06-08 19:50:12] EDIT Helpy/controllers/usuario.py: 0
[2016-06-08 19:50:27] EDIT Helpy/controllers/usuario.py: 0
[2016-06-08 19:50:42] EDIT Helpy/controllers/cliente.py: -1
[2016-06-08 19:50:52] EDIT Helpy/controllers/usuario.py: -1
[2016-06-08 19:51:29] EDIT Helpy/controllers/usuario.py: 0
[2016-06-08 19:51:37] EDIT Helpy/controllers/usuario.py: 0
[2016-06-08 20:06:49] EDIT Helpy/controllers/usuario.py: 1
[2016-06-08 20:07:59] EDIT Helpy/controllers/usuario.py: 0
[2016-06-08 20:08:26] EDIT Helpy/controllers/usuario.py: -1
[2016-06-08 20:09:46] EDIT Helpy/controllers/usuario.py: 0
[2016-06-08 20:31:05] EDIT Helpy/controllers/chamado.py: 2
[2016-06-08 20:31:10] EDIT Helpy/controllers/chamado.py: 1
[2016-06-08 20:53:37] EDIT Helpy/views/layout.html: 0
[2016-06-08 20:53:44] EDIT Helpy/views/layout.html: 0
[2016-06-08 20:58:00] EDIT Helpy/controllers/default.py: -3
[2016-06-08 20:58:07] EDIT Helpy/controllers/default.py: 0
[2016-06-08 20:58:30] EDIT Helpy/views/generic.html: 0
[2016-06-08 21:02:16] EDIT Helpy/controllers/default.py: 0
[2016-06-08 21:02:36] EDIT Helpy/controllers/default.py: 0
[2016-06-08 21:03:27] EDIT Helpy/controllers/default.py: 0
